#
# A fatal error has been detected by the Java Runtime Environment:
#
#  EXCEPTION_ACCESS_VIOLATION (0xc0000005) at pc=0x0000000069b8926e, pid=936, tid=5604
#
# JRE version: 7.0_02-b13
# Java VM: Java HotSpot(TM) 64-Bit Server VM (22.0-b10 mixed mode windows-amd64 compressed oops)
# Problematic frame:
# C  [atio6axx.dll+0xb5926e]
#
# Failed to write core dump. Minidumps are not enabled by default on client versions of Windows
#
# If you would like to submit a bug report, please visit:
#   http://bugreport.sun.com/bugreport/crash.jsp
# The crash happened outside the Java Virtual Machine in native code.
# See problematic frame for where to report the bug.
#

---------------  T H R E A D  ---------------

Current thread (0x00000000003dc000):  JavaThread "main" [_thread_in_native, id=5604, stack(0x0000000002490000,0x0000000002590000)]

siginfo: ExceptionCode=0xc0000005, reading address 0x0000000000000018

Registers:
RAX=0x0000000000000000, RBX=0x0000000008af63a0, RCX=0x0000000000000000, RDX=0x0000000008ae5a38
RSP=0x000000000258e470, RBP=0x0000000008ae68c8, RSI=0x0000000000000000, RDI=0x0000000000000001
R8 =0x0000000000000000, R9 =0x000000000a13a450, R10=0xfffffffff7509c60, R11=0x000000000000000c
R12=0x0000000000000001, R13=0x000000000001cff8, R14=0x0000000000000000, R15=0x0000000000000001
RIP=0x0000000069b8926e, EFLAGS=0x0000000000010202

Top of Stack: (sp=0x000000000258e470)
0x000000000258e470:   0000000000000002 0000000008b0cf20
0x000000000258e480:   0000000008b0cf20 000000000258e4f0
0x000000000258e490:   000000000258e4a0 0000000069b7e565
0x000000000258e4a0:   000000000001cff8 000000000ae32830
0x000000000258e4b0:   000000000000691f 0000000000000001
0x000000000258e4c0:   0000000000000000 0000000008b0cf20
0x000000000258e4d0:   00fc800afee7fffd 0000000000000000
0x000000000258e4e0:   0000000000000000 0000000069b8b176
0x000000000258e4f0:   fffffffff7509c60 0000000008b0cf20
0x000000000258e500:   0000000008ae68c8 00fc800a00000002
0x000000000258e510:   000000000258e610 00000000690cd9d7
0x000000000258e520:   0000000100000000 0000000000000000
0x000000000258e530:   00fc800afee7fffd 0000000000000001
0x000000000258e540:   000000000a228aa0 0000000000000000
0x000000000258e550:   000000000a400d10 0000000000000000
0x000000000258e560:   0000000000000004 0000000000000000 

Instructions: (pc=0x0000000069b8926e)
0x0000000069b8924e:   e2 04 48 03 d0 0f 84 81 00 00 00 48 8b 0a 4c 8b
0x0000000069b8925e:   03 48 8d 41 20 48 89 43 f8 48 8b 42 08 48 89 03
0x0000000069b8926e:   48 8b 41 18 48 2b 42 08 48 89 43 08 48 8b 44 24
0x0000000069b8927e:   38 48 8b 80 08 06 00 00 49 8d 0c 02 8b 44 19 10 


Register to memory mapping:

RAX=0x0000000000000000 is an unknown value
RBX=0x0000000008af63a0 is an unknown value
RCX=0x0000000000000000 is an unknown value
RDX=0x0000000008ae5a38 is an unknown value
RSP=0x000000000258e470 is pointing into the stack for thread: 0x00000000003dc000
RBP=0x0000000008ae68c8 is an unknown value
RSI=0x0000000000000000 is an unknown value
RDI=0x0000000000000001 is an unknown value
R8 =0x0000000000000000 is an unknown value
R9 =0x000000000a13a450 is an unknown value
R10=0xfffffffff7509c60 is an unknown value
R11=0x000000000000000c is an unknown value
R12=0x0000000000000001 is an unknown value
R13=0x000000000001cff8 is an unknown value
R14=0x0000000000000000 is an unknown value
R15=0x0000000000000001 is an unknown value


Stack: [0x0000000002490000,0x0000000002590000],  sp=0x000000000258e470,  free space=1017k
Native frames: (J=compiled Java code, j=interpreted, Vv=VM code, C=native code)
C  [atio6axx.dll+0xb5926e]  atiPS+0x56c6e

Java frames: (J=compiled Java code, j=interpreted, Vv=VM code)
j  org.lwjgl.opengl.GL11.nglDrawArrays(IIIJ)V+0
j  org.lwjgl.opengl.GL11.glDrawArrays(III)V+20
j  episode_29.ModernOpenGLDemo.render()V+21
j  episode_29.ModernOpenGLDemo.enterGameLoop()V+6
j  episode_29.ModernOpenGLDemo.main([Ljava/lang/String;)V+15
v  ~StubRoutines::call_stub
j  sun.reflect.NativeMethodAccessorImpl.invoke0(Ljava/lang/reflect/Method;Ljava/lang/Object;[Ljava/lang/Object;)Ljava/lang/Object;+0
j  sun.reflect.NativeMethodAccessorImpl.invoke(Ljava/lang/Object;[Ljava/lang/Object;)Ljava/lang/Object;+87
j  sun.reflect.DelegatingMethodAccessorImpl.invoke(Ljava/lang/Object;[Ljava/lang/Object;)Ljava/lang/Object;+6
j  java.lang.reflect.Method.invoke(Ljava/lang/Object;[Ljava/lang/Object;)Ljava/lang/Object;+57
j  com.intellij.rt.execution.application.AppMain.main([Ljava/lang/String;)V+140
v  ~StubRoutines::call_stub

---------------  P R O C E S S  ---------------

Java Threads: ( => current thread )
  0x0000000005d5c000 JavaThread "Monitor Ctrl-Break" daemon [_thread_in_native, id=5044, stack(0x0000000006f20000,0x0000000007020000)]
  0x0000000005ca7000 JavaThread "Service Thread" daemon [_thread_blocked, id=4228, stack(0x0000000006cd0000,0x0000000006dd0000)]
  0x0000000005c98800 JavaThread "C2 CompilerThread1" daemon [_thread_blocked, id=3928, stack(0x0000000006b60000,0x0000000006c60000)]
  0x0000000005c82000 JavaThread "C2 CompilerThread0" daemon [_thread_blocked, id=1984, stack(0x00000000068e0000,0x00000000069e0000)]
  0x0000000005c80000 JavaThread "Attach Listener" daemon [_thread_blocked, id=1084, stack(0x0000000006780000,0x0000000006880000)]
  0x0000000005c7e800 JavaThread "Signal Dispatcher" daemon [_thread_blocked, id=4980, stack(0x0000000006330000,0x0000000006430000)]
  0x0000000005bf8800 JavaThread "Finalizer" daemon [_thread_blocked, id=3148, stack(0x0000000006570000,0x0000000006670000)]
  0x0000000005bef800 JavaThread "Reference Handler" daemon [_thread_blocked, id=932, stack(0x0000000006440000,0x0000000006540000)]
=>0x00000000003dc000 JavaThread "main" [_thread_in_native, id=5604, stack(0x0000000002490000,0x0000000002590000)]

Other Threads:
  0x0000000005be7800 VMThread [stack: 0x00000000061c0000,0x00000000062c0000] [id=5944]
  0x0000000005cb2000 WatcherThread [stack: 0x0000000006e00000,0x0000000006f00000] [id=2028]

VM state:not at safepoint (normal execution)

VM Mutex/Monitor currently owned by a thread: None

Heap
 PSYoungGen      total 19008K, used 4342K [0x00000000eacb0000, 0x00000000ec1e0000, 0x0000000100000000)
  eden space 16320K, 26% used [0x00000000eacb0000,0x00000000eb0eda78,0x00000000ebca0000)
  from space 2688K, 0% used [0x00000000ebf40000,0x00000000ebf40000,0x00000000ec1e0000)
  to   space 2688K, 0% used [0x00000000ebca0000,0x00000000ebca0000,0x00000000ebf40000)
 PSOldGen        total 43456K, used 0K [0x00000000c0600000, 0x00000000c3070000, 0x00000000eacb0000)
  object space 43456K, 0% used [0x00000000c0600000,0x00000000c0600000,0x00000000c3070000)
 PSPermGen       total 21248K, used 4414K [0x00000000bb400000, 0x00000000bc8c0000, 0x00000000c0600000)
  object space 21248K, 20% used [0x00000000bb400000,0x00000000bb84f9f8,0x00000000bc8c0000)

Code Cache  [0x0000000002590000, 0x0000000002800000, 0x0000000005590000)
 total_blobs=325 nmethods=20 adapters=258 free_code_cache=48685Kb largest_free_block=49849792

Dynamic libraries:
0x000000013fe70000 - 0x000000013fea3000 	C:\Program Files\Java\jdk1.7.0_02\bin\java.exe
0x0000000077060000 - 0x0000000077209000 	C:\Windows\SYSTEM32\ntdll.dll
0x0000000076df0000 - 0x0000000076f0f000 	C:\Windows\system32\kernel32.dll
0x000007fefca70000 - 0x000007fefcadc000 	C:\Windows\system32\KERNELBASE.dll
0x000007fefe6f0000 - 0x000007fefe7cb000 	C:\Windows\system32\ADVAPI32.dll
0x000007fefcfd0000 - 0x000007fefd06f000 	C:\Windows\system32\msvcrt.dll
0x000007fefd400000 - 0x000007fefd41f000 	C:\Windows\SYSTEM32\sechost.dll
0x000007fefe330000 - 0x000007fefe45d000 	C:\Windows\system32\RPCRT4.dll
0x0000000076cf0000 - 0x0000000076dea000 	C:\Windows\system32\USER32.dll
0x000007fefd070000 - 0x000007fefd0d7000 	C:\Windows\system32\GDI32.dll
0x000007fefd3f0000 - 0x000007fefd3fe000 	C:\Windows\system32\LPK.dll
0x000007fefe570000 - 0x000007fefe639000 	C:\Windows\system32\USP10.dll
0x000007fefb3a0000 - 0x000007fefb594000 	C:\Windows\WinSxS\amd64_microsoft.windows.common-controls_6595b64144ccf1df_6.0.7601.17514_none_fa396087175ac9ac\COMCTL32.dll
0x000007fefe2b0000 - 0x000007fefe321000 	C:\Windows\system32\SHLWAPI.dll
0x000007fefcfa0000 - 0x000007fefcfce000 	C:\Windows\system32\IMM32.DLL
0x000007fefe460000 - 0x000007fefe569000 	C:\Windows\system32\MSCTF.dll
0x00000000500c0000 - 0x0000000050191000 	C:\Program Files\Java\jdk1.7.0_02\jre\bin\msvcr100.dll
0x0000000077920000 - 0x0000000077ffa000 	C:\Program Files\Java\jdk1.7.0_02\jre\bin\server\jvm.dll
0x000007fef9110000 - 0x000007fef9119000 	C:\Windows\system32\WSOCK32.dll
0x000007fefd2c0000 - 0x000007fefd30d000 	C:\Windows\system32\WS2_32.dll
0x000007fefe640000 - 0x000007fefe648000 	C:\Windows\system32\NSI.dll
0x000007fefa670000 - 0x000007fefa6ab000 	C:\Windows\system32\WINMM.dll
0x0000000077220000 - 0x0000000077227000 	C:\Windows\system32\PSAPI.DLL
0x00000000502d0000 - 0x00000000502df000 	C:\Program Files\Java\jdk1.7.0_02\jre\bin\verify.dll
0x00000000502a0000 - 0x00000000502c8000 	C:\Program Files\Java\jdk1.7.0_02\jre\bin\java.dll
0x0000000050260000 - 0x0000000050275000 	C:\Program Files\Java\jdk1.7.0_02\jre\bin\zip.dll
0x000007fef5e90000 - 0x000007fef5ea0000 	C:\Program Files (x86)\JetBrains\IntelliJ IDEA Community Edition 11.1.2\bin\breakgen64.dll
0x0000000050240000 - 0x0000000050259000 	C:\Program Files\Java\jdk1.7.0_02\jre\bin\net.dll
0x000007fefc110000 - 0x000007fefc165000 	C:\Windows\system32\mswsock.dll
0x000007fefc100000 - 0x000007fefc107000 	C:\Windows\System32\wship6.dll
0x0000000180000000 - 0x000000018004f000 	C:\Users\Oskar\Dropbox\TheCodingUniverse\workspace\JavaGameDevelopment\lib\natives-win\lwjgl64.dll
0x000007fee1760000 - 0x000007fee187d000 	C:\Windows\system32\OPENGL32.dll
0x000007feef1d0000 - 0x000007feef1fd000 	C:\Windows\system32\GLU32.dll
0x000007fef0520000 - 0x000007fef0611000 	C:\Windows\system32\DDRAW.dll
0x000007fef4c60000 - 0x000007fef4c68000 	C:\Windows\system32\DCIMAN32.dll
0x000007fefd0e0000 - 0x000007fefd2b7000 	C:\Windows\system32\SETUPAPI.dll
0x000007fefc9d0000 - 0x000007fefca06000 	C:\Windows\system32\CFGMGR32.dll
0x000007fefd310000 - 0x000007fefd3e7000 	C:\Windows\system32\OLEAUT32.dll
0x000007fefccf0000 - 0x000007fefcef3000 	C:\Windows\system32\ole32.dll
0x000007fefca10000 - 0x000007fefca2a000 	C:\Windows\system32\DEVOBJ.dll
0x000007fefac80000 - 0x000007fefac98000 	C:\Windows\system32\dwmapi.dll
0x000007fefba80000 - 0x000007fefba8c000 	C:\Windows\system32\VERSION.dll
0x000007fefb060000 - 0x000007fefb0b6000 	C:\Windows\system32\uxtheme.dll
0x000007fef1ba0000 - 0x000007fef1c1f000 	C:\Program Files\Common Files\microsoft shared\ink\tiptsf.dll
0x000007fefa3c0000 - 0x000007fefa3c9000 	C:\Windows\system32\atig6pxx.dll
0x0000000069030000 - 0x000000006a961000 	C:\Windows\system32\atio6axx.dll
0x0000000070d10000 - 0x0000000070e00000 	C:\Windows\system32\aticfx64.dll
0x000007fef9870000 - 0x000007fef98f9000 	C:\Windows\system32\atiadlxx.dll
0x000007fefd480000 - 0x000007fefe208000 	C:\Windows\system32\SHELL32.dll
0x000007fefbc60000 - 0x000007fefbc7e000 	C:\Windows\system32\USERENV.dll
0x000007fefc920000 - 0x000007fefc92f000 	C:\Windows\system32\profapi.dll
0x000007fefb880000 - 0x000007fefb891000 	C:\Windows\system32\WTSAPI32.dll
0x000007fefca30000 - 0x000007fefca6a000 	C:\Windows\system32\WINTRUST.dll
0x000007fefcae0000 - 0x000007fefcc47000 	C:\Windows\system32\CRYPT32.dll
0x000007fefc9c0000 - 0x000007fefc9cf000 	C:\Windows\system32\MSASN1.dll
0x000007fef3940000 - 0x000007fef394e000 	C:\Windows\system32\atig6txx.dll
0x000007fefc850000 - 0x000007fefc85f000 	C:\Windows\system32\CRYPTBASE.dll
0x000007fefcf00000 - 0x000007fefcf99000 	C:\Windows\system32\CLBCatQ.DLL
0x000007feed3f0000 - 0x000007feed48c000 	C:\Windows\system32\mscms.dll
0x000007feeeef0000 - 0x000007feeef32000 	C:\Windows\system32\icm32.dll

VM Arguments:
jvm_args: -Djava.library.path=lib/natives-win/ -Didea.launcher.port=7545 -Didea.launcher.bin.path=C:\Program Files (x86)\JetBrains\IntelliJ IDEA Community Edition 11.1.2\bin -Dfile.encoding=UTF-8 
java_command: com.intellij.rt.execution.application.AppMain episode_29.ModernOpenGLDemo
Launcher Type: SUN_STANDARD

Environment Variables:
JAVA_HOME=C:\Program Files\Java\jdk1.7.0_02
PATH=C:\Program Files (x86)\JetBrains\IntelliJ IDEA Community Edition 11.1.2\bin\..\.\bin;C:\Program Files (x86)\NVIDIA Corporation\PhysX\Common;C:\Program Files (x86)\AMD APP\bin\x86_64;C:\Program Files (x86)\AMD APP\bin\x86;C:\Windows\system32;C:\Windows;C:\Windows\System32\Wbem;C:\Windows\System32\WindowsPowerShell\v1.0\;c:\Program Files (x86)\Microsoft SQL Server\100\Tools\Binn\;c:\Program Files\Microsoft SQL Server\100\Tools\Binn\;c:\Program Files\Microsoft SQL Server\100\DTS\Binn\;C:\Program Files (x86)\ATI Technologies\ATI.ACE\Core-Static;C:\Program Files (x86)\CMake 2.8\bin;C:\Program Files\Java\jdk1.7.0_02\bin;C:\Users\Public\Documents\Uranka\LWJGLPort\apache-maven-3.0.3\bin;C:\Users\Public\Documents\Uranka\LWJGLPort\apache-maven-3.0.3;C:\MinGW\bin;c:\program files (x86)\jetbrains\intellij idea community edition 11.1.2\jre\jre\bin
USERNAME=Oskar
OS=Windows_NT
PROCESSOR_IDENTIFIER=Intel64 Family 6 Model 23 Stepping 10, GenuineIntel



---------------  S Y S T E M  ---------------

OS: Windows 7 , 64 bit Build 7601 Service Pack 1

CPU:total 2 (2 cores per cpu, 1 threads per core) family 6 model 23 stepping 10, cmov, cx8, fxsr, mmx, sse, sse2, sse3, ssse3, sse4.1

Memory: 4k page, physical 4169000k(1889176k free), swap 8336152k(4569284k free)

vm_info: Java HotSpot(TM) 64-Bit Server VM (22.0-b10) for windows-amd64 JRE (1.7.0_02-b13), built on Nov 17 2011 13:51:15 by "java_re" with unknown MS VC++:1600

time: Sun Jun 03 17:51:46 2012
elapsed time: 0 seconds

